<?xml version="1.0" encoding="UTF-8"?>
<!-- Generated by org.testng.reporters.JUnitReportReporter -->
<testsuite skipped="0" hostname="Sameer" name="TC002_Post_RequestTest" tests="1" failures="0" timestamp="20 May 2020 10:24:20 GMT" time="4.399" errors="0">
  <testcase name="getPostMessage" time="4.399" classname="TC002_Post_RequestTest"/>
</testsuite> <!-- TC002_Post_RequestTest -->
