<?xml version="1.0" encoding="UTF-8"?>
<!-- Generated by org.testng.reporters.JUnitReportReporter -->
<testsuite skipped="0" hostname="Sameer" name="TC001_WeatherAPI" tests="1" failures="0" timestamp="20 May 2020 14:34:07 GMT" time="3.384" errors="0">
  <testcase name="getWeatherDetails" time="3.384" classname="TC001_WeatherAPI"/>
</testsuite> <!-- TC001_WeatherAPI -->
